c:\users\chris\documents\university\directx\engine\debug\vc142.pdb
c:\users\chris\documents\university\directx\engine\debug\vc142.idb
c:\users\chris\documents\university\directx\engine\debug\textureclass.obj
c:\users\chris\documents\university\directx\engine\debug\systemclass.obj
c:\users\chris\documents\university\directx\engine\debug\modelclass.obj
c:\users\chris\documents\university\directx\engine\debug\main.obj
c:\users\chris\documents\university\directx\engine\debug\lightshaderclass.obj
c:\users\chris\documents\university\directx\engine\debug\lightclass.obj
c:\users\chris\documents\university\directx\engine\debug\levelsetup.obj
c:\users\chris\documents\university\directx\engine\debug\inputclass.obj
c:\users\chris\documents\university\directx\engine\debug\graphicsclass.obj
c:\users\chris\documents\university\directx\engine\debug\d3dclass.obj
c:\users\chris\documents\university\directx\engine\debug\cameraclass.obj
c:\users\chris\documents\university\directx\debug\engine.exe
c:\users\chris\documents\university\directx\debug\engine.ilk
c:\users\chris\documents\university\directx\debug\engine.pdb
c:\users\chris\documents\university\at-handin\directx\directx11platformer\engine\debug\cameraclass.obj
c:\users\chris\documents\university\at-handin\directx\directx11platformer\engine\debug\d3dclass.obj
c:\users\chris\documents\university\at-handin\directx\directx11platformer\engine\debug\graphicsclass.obj
c:\users\chris\documents\university\at-handin\directx\directx11platformer\engine\debug\inputclass.obj
c:\users\chris\documents\university\at-handin\directx\directx11platformer\engine\debug\levelsetup.obj
c:\users\chris\documents\university\at-handin\directx\directx11platformer\engine\debug\lightclass.obj
c:\users\chris\documents\university\at-handin\directx\directx11platformer\engine\debug\lightshaderclass.obj
c:\users\chris\documents\university\at-handin\directx\directx11platformer\engine\debug\main.obj
c:\users\chris\documents\university\at-handin\directx\directx11platformer\engine\debug\modelclass.obj
c:\users\chris\documents\university\at-handin\directx\directx11platformer\engine\debug\systemclass.obj
c:\users\chris\documents\university\at-handin\directx\directx11platformer\engine\debug\textureclass.obj
c:\users\chris\documents\university\at-handin\directx\directx11platformer\engine\debug\vc142.idb
c:\users\chris\documents\university\at-handin\directx\directx11platformer\engine\debug\vc142.pdb
c:\users\chris\documents\university\at-handin\directx\directx11platformer\debug\engine.pdb
c:\users\chris\documents\university\at-handin\directx\directx11platformer\debug\engine.exe
c:\users\chris\documents\university\at-handin\directx\directx11platformer\debug\engine.ilk
c:\users\chris\documents\university\at-handin\directx\directx11platformer\engine\debug\engine.tlog\cl.command.1.tlog
c:\users\chris\documents\university\at-handin\directx\directx11platformer\engine\debug\engine.tlog\cl.read.1.tlog
c:\users\chris\documents\university\at-handin\directx\directx11platformer\engine\debug\engine.tlog\cl.write.1.tlog
c:\users\chris\documents\university\at-handin\directx\directx11platformer\engine\debug\engine.tlog\link.command.1.tlog
c:\users\chris\documents\university\at-handin\directx\directx11platformer\engine\debug\engine.tlog\link.read.1.tlog
c:\users\chris\documents\university\at-handin\directx\directx11platformer\engine\debug\engine.tlog\link.write.1.tlog
